<?xml version="1.0" encoding="UTF-8"?>
<testng-results skipped="0" failed="0" total="1" passed="1">
  <reporter-output>
  </reporter-output>
  <suite name="Default suite" duration-ms="18" started-at="2016-07-27T11:28:07Z" finished-at="2016-07-27T11:28:07Z">
    <groups>
    </groups>
    <test name="Default test" duration-ms="18" started-at="2016-07-27T11:28:07Z" finished-at="2016-07-27T11:28:07Z">
      <class name="de.haw.md.simple.test.SimpleTest">
        <test-method status="PASS" signature="simpleTest()[pri:0, instance:de.haw.md.simple.test.SimpleTest@1ff8b8f]" name="simpleTest" duration-ms="9" started-at="2016-07-27T13:28:07Z" finished-at="2016-07-27T13:28:07Z">
          <reporter-output>
          </reporter-output>
        </test-method> <!-- simpleTest -->
      </class> <!-- de.haw.md.simple.test.SimpleTest -->
    </test> <!-- Default test -->
  </suite> <!-- Default suite -->
</testng-results>
